
updating GRUB 2 menu...
Warning: os-prober will be executed to detect other bootable partitions.
Its output will be used to detect bootable binaries on them and create new boot entries.
lsblk: /dev/mapper/no*[0-9]: not a block device
lsblk: /dev/mapper/block*[0-9]: not a block device
lsblk: /dev/mapper/devices*[0-9]: not a block device
lsblk: /dev/mapper/found*[0-9]: not a block device
Found Windows Boot Manager on /dev/nvme0n1p1@/EFI/Microsoft/Boot/bootmgfw.efi
stopping the following units: accounts-daemon.service
activating the configuration...
setting up /etc...
reloading user units for tai...
setting up tmpfiles
reloading the following units: dbus.service
restarting the following units: polkit.service
starting the following units: accounts-daemon.service
rnwb7p707vwq3gbpx3wp6y84q2f0n6-user-units.drv
  /nix/store/q4cq97lxv7ajlj845b0v33qld4d2lnbv-etc-profile.drv
  /nix/store/yk5md6k4wjjl7fp9bvbwj0nzw4wi9qwn-etc-pam-environment.drv
  /nix/store/zn8ra38vba9rj125r4fvl74596hgvwb4-etc.drv
  /nix/store/kvf5jvgb9h7aw6dkj4801ynw53ja7ym5-nixos-system-tai-nixos-23.11.6759.0638fe2715d9.drv
building '/nix/store/hmgzmp4gg674yxqmk839gysd7mzbmva9-system-path.drv'...
created 15374 symlinks in user environment
gtk-update-icon-cache: Cache file created successfully.
building '/nix/store/97v1ll3ldz2wjqs5l3dn5298w6k3k15c-X-Restart-Triggers-polkit.drv'...
building '/nix/store/ylg421adsl77h1wcpp78rxx1qsr0bbhi-dbus-1.drv'...
building '/nix/store/yk5md6k4wjjl7fp9bvbwj0nzw4wi9qwn-etc-pam-environment.drv'...
building '/nix/store/h6iahs9sf87qjiw1i9z9885di2caa8j5-set-environment.drv'...
building '/nix/store/zw1vvvjjyaffl5bahsdk723i9293xhn4-unit-accounts-daemon.service.drv'...
building '/nix/store/acbkblq8ghhx4h5mk26lcv71vgj9hvr7-X-Restart-Triggers-dbus.drv'...
building '/nix/store/q4cq97lxv7ajlj845b0v33qld4d2lnbv-etc-profile.drv'...
building '/nix/store/cj3d88490fh8qqfqahabd6w990dds6sk-unit-polkit.service.drv'...
building '/nix/store/szqia26wsvgx73bvawabkdkz1abm4qbc-unit-dbus.service.drv'...
building '/nix/store/wdaiancwdxrm7qmx6hbi5wk3wzq5mwhv-unit-dbus.service.drv'...
building '/nix/store/ksrnwb7p707vwq3gbpx3wp6y84q2f0n6-user-units.drv'...
building '/nix/store/52p4ah0fxh5yy1kjp7wy0vqz472pshaf-system-units.drv'...
building '/nix/store/zn8ra38vba9rj125r4fvl74596hgvwb4-etc.drv'...
building '/nix/store/kvf5jvgb9h7aw6dkj4801ynw53ja7ym5-nixos-system-tai-nixos-23.11.6759.0638fe2715d9.drv'...
